<?xml version="1.0" encoding="UTF-8"?>
<!-- Generated by org.testng.reporters.JUnitReportReporter -->
<testsuite hostname="LAPTOP-T68FTPTK" failures="0" tests="1" name="testCases.CheckoutPageTwoTest" time="16.504" errors="0" timestamp="2024-04-17T18:50:45 IST" skipped="0">
  <testcase classname="testCases.CheckoutPageTwoTest" name="VerifyCancelButtonTest" time="16.504"/>
  <system-out>
    <![CDATA[Actual URLhttps://www.saucedemo.com/inventory.html]]>
  </system-out>
</testsuite> <!-- testCases.CheckoutPageTwoTest -->
