<?xml version="1.0" encoding="UTF-8"?>
<!-- Generated by org.testng.reporters.JUnitReportReporter -->
<testsuite hostname="LAPTOP-T68FTPTK" failures="0" tests="1" name="testCases.CheckoutPageTest" time="23.106" errors="0" timestamp="2024-04-17T15:46:20 IST" skipped="0">
  <testcase classname="testCases.CheckoutPageTest" name="VerifyContinueBtnTest" time="23.106"/>
  <system-out>
    <![CDATA[Actual URL of the page ishttps://www.saucedemo.com/checkout-step-two.html]]>
  </system-out>
</testsuite> <!-- testCases.CheckoutPageTest -->
