<?xml version="1.0" encoding="UTF-8"?>
<!-- Generated by org.testng.reporters.JUnitReportReporter -->
<testsuite hostname="LAPTOP-T68FTPTK" failures="0" tests="5" name="testCases.FinishPageTest" time="122.989" errors="0" timestamp="2024-04-17T20:26:53 IST" skipped="0">
  <testcase classname="testCases.FinishPageTest" name="VerifySuccessTextTest" time="22.246"/>
  <system-out>
    <![CDATA[Actual Success text Thank you for your order!]]>
  </system-out>
  <testcase classname="testCases.FinishPageTest" name="VerifySuccessSubTextTest" time="25.364"/>
  <system-out>
    <![CDATA[Actual Success subtext Your order has been dispatched, and will arrive just as fast as the pony can get there!]]>
  </system-out>
  <testcase classname="testCases.FinishPageTest" name="VerifySuccessLogoTest" time="21.700"/>
  <system-out>
    <![CDATA[Success Logo is present true]]>
  </system-out>
  <testcase classname="testCases.FinishPageTest" name="VerifyPageTitleTest" time="31.201"/>
  <system-out>
    <![CDATA[Actual page title+Checkout: Complete!]]>
  </system-out>
  <testcase classname="testCases.FinishPageTest" name="VerifyBackbtnTest" time="22.478"/>
  <system-out>
    <![CDATA[Actual Page URL https://www.saucedemo.com/inventory.html]]>
  </system-out>
</testsuite> <!-- testCases.FinishPageTest -->
