<?xml version="1.0" encoding="UTF-8"?>
<!-- Generated by org.testng.reporters.JUnitReportReporter -->
<testsuite hostname="LAPTOP-T68FTPTK" failures="0" tests="4" name="testCases.CartPageTest" time="81.637" errors="0" timestamp="2024-04-16T17:30:25 IST" skipped="0">
  <testcase classname="testCases.CartPageTest" name="VerifyPageTitleTest" time="18.975"/>
  <system-out>
    <![CDATA[Actual title of cart pageYour Cart]]>
  </system-out>
  <testcase classname="testCases.CartPageTest" name="VerifyChecoutBtnTest" time="23.414"/>
  <system-out>
    <![CDATA[Actual URL of checkout pagehttps://www.saucedemo.com/checkout-step-one.html]]>
  </system-out>
  <testcase classname="testCases.CartPageTest" name="VerifyContinueShopBtnTest" time="18.278"/>
  <system-out>
    <![CDATA[Actual URL of Home pagehttps://www.saucedemo.com/inventory.html]]>
  </system-out>
  <testcase classname="testCases.CartPageTest" name="VerifyCartPageURLTest" time="20.970"/>
  <system-out>
    <![CDATA[Actual URL of cart pagehttps://www.saucedemo.com/cart.html]]>
  </system-out>
</testsuite> <!-- testCases.CartPageTest -->
